<?xml version="1.0" encoding="utf-8"?><testsuites name="pytest tests"><testsuite name="pytest" errors="0" failures="0" skipped="0" tests="30" time="3.585" timestamp="2026-05-15T06:01:36.840961+00:00" hostname="agent-env-fd1f166a-da2a-4bf7-8401-6a9806517df6"><testcase classname="backend.tests.test_nammaroad_backend.TestAuth" name="test_login_citizen" time="0.262" /><testcase classname="backend.tests.test_nammaroad_backend.TestAuth" name="test_login_engineer" time="0.054" /><testcase classname="backend.tests.test_nammaroad_backend.TestAuth" name="test_login_admin" time="0.052" /><testcase classname="backend.tests.test_nammaroad_backend.TestAuth" name="test_me_with_token" time="0.100" /><testcase classname="backend.tests.test_nammaroad_backend.TestAuth" name="test_me_missing_token" time="0.158" /><testcase classname="backend.tests.test_nammaroad_backend.TestAuth" name="test_me_invalid_token" time="0.196" /><testcase classname="backend.tests.test_nammaroad_backend.TestSeed" name="test_seed_endpoint" time="0.104" /><testcase classname="backend.tests.test_nammaroad_backend.TestPotholes" name="test_list_all" time="0.086" /><testcase classname="backend.tests.test_nammaroad_backend.TestPotholes" name="test_filter_by_status" time="0.046" /><testcase classname="backend.tests.test_nammaroad_backend.TestPotholes" name="test_filter_by_zone" time="0.054" /><testcase classname="backend.tests.test_nammaroad_backend.TestPotholes" name="test_mine_filter_citizen" time="0.048" /><testcase classname="backend.tests.test_nammaroad_backend.TestPotholes" name="test_create_pothole_citizen" time="0.117" /><testcase classname="backend.tests.test_nammaroad_backend.TestPotholes" name="test_duplicate_detection" time="0.104" /><testcase classname="backend.tests.test_nammaroad_backend.TestPotholes" name="test_get_pothole_404" time="0.095" /><testcase classname="backend.tests.test_nammaroad_backend.TestPotholes" name="test_create_unauthenticated" time="0.205" /><testcase classname="backend.tests.test_nammaroad_backend.TestStatus" name="test_admin_can_update" time="0.145" /><testcase classname="backend.tests.test_nammaroad_backend.TestStatus" name="test_citizen_cannot_update" time="0.096" /><testcase classname="backend.tests.test_nammaroad_backend.TestStatus" name="test_invalid_status" time="0.104" /><testcase classname="backend.tests.test_nammaroad_backend.TestStatus" name="test_status_history_ascending" time="0.150" /><testcase classname="backend.tests.test_nammaroad_backend.TestUpvote" name="test_upvote_once_and_idempotent" time="0.197" /><testcase classname="backend.tests.test_nammaroad_backend.TestAnalytics" name="test_analytics_shape" time="0.112" /><testcase classname="backend.tests.test_nammaroad_backend.TestInviteCode" name="test_admin_login_without_code_forbidden" time="0.044" /><testcase classname="backend.tests.test_nammaroad_backend.TestInviteCode" name="test_engineer_login_with_wrong_code_forbidden" time="0.071" /><testcase classname="backend.tests.test_nammaroad_backend.TestInviteCode" name="test_admin_login_with_correct_code_succeeds" time="0.096" /><testcase classname="backend.tests.test_nammaroad_backend.TestInviteCode" name="test_citizen_login_without_code_still_works" time="0.048" /><testcase classname="backend.tests.test_nammaroad_backend.TestInviteCode" name="test_engineer_login_with_correct_code_succeeds" time="0.059" /><testcase classname="backend.tests.test_nammaroad_backend.TestWebSocket" name="test_ws_hello_on_connect" time="0.025" /><testcase classname="backend.tests.test_nammaroad_backend.TestWebSocket" name="test_ws_broadcast_pothole_created" time="0.098" /><testcase classname="backend.tests.test_nammaroad_backend.TestWebSocket" name="test_ws_broadcast_status_updated" time="0.102" /><testcase classname="backend.tests.test_nammaroad_backend.TestWebSocket" name="test_ws_broadcast_upvoted" time="0.194" /></testsuite></testsuites>