<?xml version="1.0" encoding="utf-8"?><testsuites name="pytest tests"><testsuite name="pytest" errors="0" failures="0" skipped="0" tests="21" time="3.509" timestamp="2026-05-14T14:59:45.692326+00:00" hostname="agent-env-fd1f166a-da2a-4bf7-8401-6a9806517df6"><testcase classname="backend.tests.test_nammaroad_backend.TestAuth" name="test_login_citizen" time="0.386" /><testcase classname="backend.tests.test_nammaroad_backend.TestAuth" name="test_login_engineer" time="0.065" /><testcase classname="backend.tests.test_nammaroad_backend.TestAuth" name="test_login_admin" time="0.061" /><testcase classname="backend.tests.test_nammaroad_backend.TestAuth" name="test_me_with_token" time="0.132" /><testcase classname="backend.tests.test_nammaroad_backend.TestAuth" name="test_me_missing_token" time="0.269" /><testcase classname="backend.tests.test_nammaroad_backend.TestAuth" name="test_me_invalid_token" time="0.299" /><testcase classname="backend.tests.test_nammaroad_backend.TestSeed" name="test_seed_endpoint" time="0.131" /><testcase classname="backend.tests.test_nammaroad_backend.TestPotholes" name="test_list_all" time="0.099" /><testcase classname="backend.tests.test_nammaroad_backend.TestPotholes" name="test_filter_by_status" time="0.059" /><testcase classname="backend.tests.test_nammaroad_backend.TestPotholes" name="test_filter_by_zone" time="0.101" /><testcase classname="backend.tests.test_nammaroad_backend.TestPotholes" name="test_mine_filter_citizen" time="0.068" /><testcase classname="backend.tests.test_nammaroad_backend.TestPotholes" name="test_create_pothole_citizen" time="0.165" /><testcase classname="backend.tests.test_nammaroad_backend.TestPotholes" name="test_duplicate_detection" time="0.067" /><testcase classname="backend.tests.test_nammaroad_backend.TestPotholes" name="test_get_pothole_404" time="0.065" /><testcase classname="backend.tests.test_nammaroad_backend.TestPotholes" name="test_create_unauthenticated" time="0.165" /><testcase classname="backend.tests.test_nammaroad_backend.TestStatus" name="test_admin_can_update" time="0.130" /><testcase classname="backend.tests.test_nammaroad_backend.TestStatus" name="test_citizen_cannot_update" time="0.178" /><testcase classname="backend.tests.test_nammaroad_backend.TestStatus" name="test_invalid_status" time="0.119" /><testcase classname="backend.tests.test_nammaroad_backend.TestStatus" name="test_status_history_ascending" time="0.240" /><testcase classname="backend.tests.test_nammaroad_backend.TestUpvote" name="test_upvote_once_and_idempotent" time="0.231" /><testcase classname="backend.tests.test_nammaroad_backend.TestAnalytics" name="test_analytics_shape" time="0.103" /></testsuite></testsuites>